#
# There is insufficient memory for the Java Runtime Environment to continue.
# Native memory allocation (malloc) failed to allocate 262160 bytes for Chunk::new
# Possible reasons:
#   The system is out of physical RAM or swap space
#   The process is running with CompressedOops enabled, and the Java Heap may be blocking the growth of the native heap
# Possible solutions:
#   Reduce memory load on the system
#   Increase physical memory or swap space
#   Check if swap backing store is full
#   Decrease Java heap size (-Xmx/-Xms)
#   Decrease number of Java threads
#   Decrease Java thread stack sizes (-Xss)
#   Set larger code cache with -XX:ReservedCodeCacheSize=
#   JVM is running with Unscaled Compressed Oops mode in which the Java heap is
#     placed in the first 4GB address space. The Java Heap base address is the
#     maximum limit for the native heap growth. Please use -XX:HeapBaseMinAddress
#     to set the Java Heap base and to place the Java Heap above 4GB virtual address.
# This output file may be truncated or incomplete.
#
#  Out of Memory Error (./src/hotspot/share/memory/arena.cpp:197), pid=11708, tid=15828
#
# JRE version: OpenJDK Runtime Environment (11.0.10) (build 11.0.10+0-b96-7249189)
# Java VM: OpenJDK 64-Bit Server VM (11.0.10+0-b96-7249189, mixed mode, tiered, compressed oops, g1 gc, windows-amd64)
# No core dump will be written. Minidumps are not enabled by default on client versions of Windows
#

---------------  S U M M A R Y ------------

Command Line: --add-opens=java.base/java.util=ALL-UNNAMED --add-opens=java.base/java.lang=ALL-UNNAMED --add-opens=java.base/java.lang.invoke=ALL-UNNAMED --add-opens=java.base/java.util=ALL-UNNAMED --add-opens=java.prefs/java.util.prefs=ALL-UNNAMED --add-opens=java.prefs/java.util.prefs=ALL-UNNAMED --add-opens=java.base/java.nio.charset=ALL-UNNAMED --add-opens=java.base/java.net=ALL-UNNAMED --add-opens=java.base/java.util.concurrent.atomic=ALL-UNNAMED -Xmx2048m -Dfile.encoding=UTF-8 -Duser.country=US -Duser.language=en -Duser.variant org.gradle.launcher.daemon.bootstrap.GradleDaemon 7.0.2

Host: Intel(R) Core(TM) i5-4210U CPU @ 1.70GHz, 4 cores, 7G,  Windows 10 , 64 bit Build 19041 (10.0.19041.1202)
Time: Thu Oct  7 06:47:07 2021 Pacific Daylight Time elapsed time: 70.539251 seconds (0d 0h 1m 10s)

---------------  T H R E A D  ---------------

Current thread (0x000001f7dd940800):  JavaThread "C2 CompilerThread0" daemon [_thread_in_native, id=15828, stack(0x0000008b60f00000,0x0000008b61000000)]


Current CompileTask:
C2:  70539 7333       4       sun.reflect.generics.parser.SignatureParser::parsePackageNameAndSimpleClassTypeSignature (119 bytes)

Stack: [0x0000008b60f00000,0x0000008b61000000]
Native frames: (J=compiled Java code, j=interpreted, Vv=VM code, C=native code)
V  [jvm.dll+0x5ecfaa]
V  [jvm.dll+0x722bd5]
V  [jvm.dll+0x72412d]
V  [jvm.dll+0x7247e3]
V  [jvm.dll+0x242928]
V  [jvm.dll+0xbc4fc]
V  [jvm.dll+0xbca0c]
V  [jvm.dll+0xbc608]
V  [jvm.dll+0x5cc470]
V  [jvm.dll+0x201cde]
V  [jvm.dll+0x617564]
V  [jvm.dll+0x1fa6b4]
V  [jvm.dll+0x18354c]
V  [jvm.dll+0x208ee7]
V  [jvm.dll+0x207731]
V  [jvm.dll+0x6eb1cf]
V  [jvm.dll+0x6e3d45]
V  [jvm.dll+0x5ebe96]
C  [ucrtbase.dll+0x21bb2]
C  [KERNEL32.DLL+0x17034]
C  [ntdll.dll+0x52651]


---------------  P R O C E S S  ---------------

Threads class SMR info:
_java_thread_list=0x000001f7e476ccc0, length=44, elements={
0x000001f7c3598000, 0x000001f7dd91d800, 0x000001f7dd91f000, 0x000001f7dd937800,
0x000001f7dd93c000, 0x000001f7dd93d000, 0x000001f7dd940800, 0x000001f7dd943800,
0x000001f7de306000, 0x000001f7de410000, 0x000001f7df682000, 0x000001f7dfcc6800,
0x000001f7df033800, 0x000001f7e0084800, 0x000001f7e0085000, 0x000001f7df11a800,
0x000001f7dee75800, 0x000001f7def72800, 0x000001f7def73000, 0x000001f7defa6000,
0x000001f7defaa000, 0x000001f7defa5000, 0x000001f7defa8800, 0x000001f7defa7800,
0x000001f7defa4800, 0x000001f7defab000, 0x000001f7defa7000, 0x000001f7defa9800,
0x000001f7e0e5d000, 0x000001f7e0e61000, 0x000001f7e0e5e000, 0x000001f7e0e62000,
0x000001f7e0e62800, 0x000001f7e0e63800, 0x000001f7e0e5e800, 0x000001f7e0e65000,
0x000001f7e0e60800, 0x000001f7e0e66000, 0x000001f7e0e67000, 0x000001f7e0e68800,
0x000001f7e0e69800, 0x000001f7e0e67800, 0x000001f7e0e6b800, 0x000001f7e0e6a000
}

Java Threads: ( => current thread )
  0x000001f7c3598000 JavaThread "main" [_thread_blocked, id=9972, stack(0x0000008b60300000,0x0000008b60400000)]
  0x000001f7dd91d800 JavaThread "Reference Handler" daemon [_thread_blocked, id=3384, stack(0x0000008b60a00000,0x0000008b60b00000)]
  0x000001f7dd91f000 JavaThread "Finalizer" daemon [_thread_blocked, id=13420, stack(0x0000008b60b00000,0x0000008b60c00000)]
  0x000001f7dd937800 JavaThread "Signal Dispatcher" daemon [_thread_blocked, id=15392, stack(0x0000008b60c00000,0x0000008b60d00000)]
  0x000001f7dd93c000 JavaThread "Attach Listener" daemon [_thread_blocked, id=4000, stack(0x0000008b60d00000,0x0000008b60e00000)]
  0x000001f7dd93d000 JavaThread "Service Thread" daemon [_thread_blocked, id=15080, stack(0x0000008b60e00000,0x0000008b60f00000)]
=>0x000001f7dd940800 JavaThread "C2 CompilerThread0" daemon [_thread_in_native, id=15828, stack(0x0000008b60f00000,0x0000008b61000000)]
  0x000001f7dd943800 JavaThread "C1 CompilerThread0" daemon [_thread_blocked, id=15800, stack(0x0000008b61000000,0x0000008b61100000)]
  0x000001f7de306000 JavaThread "Sweeper thread" daemon [_thread_blocked, id=11172, stack(0x0000008b61100000,0x0000008b61200000)]
  0x000001f7de410000 JavaThread "Common-Cleaner" daemon [_thread_blocked, id=5940, stack(0x0000008b61200000,0x0000008b61300000)]
  0x000001f7df682000 JavaThread "Daemon health stats" [_thread_blocked, id=392, stack(0x0000008b61600000,0x0000008b61700000)]
  0x000001f7dfcc6800 JavaThread "Incoming local TCP Connector on port 57257" [_thread_in_native, id=15500, stack(0x0000008b61700000,0x0000008b61800000)]
  0x000001f7df033800 JavaThread "Daemon periodic checks" [_thread_blocked, id=15812, stack(0x0000008b61800000,0x0000008b61900000)]
  0x000001f7e0084800 JavaThread "Daemon" [_thread_blocked, id=15684, stack(0x0000008b61900000,0x0000008b61a00000)]
  0x000001f7e0085000 JavaThread "Handler for socket connection from /127.0.0.1:57257 to /127.0.0.1:57259" [_thread_in_native, id=3344, stack(0x0000008b61a00000,0x0000008b61b00000)]
  0x000001f7df11a800 JavaThread "Cancel handler" [_thread_blocked, id=9948, stack(0x0000008b61b00000,0x0000008b61c00000)]
  0x000001f7dee75800 JavaThread "Daemon worker" [_thread_in_vm, id=224, stack(0x0000008b61c00000,0x0000008b61d00000)]
  0x000001f7def72800 JavaThread "Asynchronous log dispatcher for DefaultDaemonConnection: socket connection from /127.0.0.1:57257 to /127.0.0.1:57259" [_thread_blocked, id=4516, stack(0x0000008b61d00000,0x0000008b61e00000)]
  0x000001f7def73000 JavaThread "Stdin handler" [_thread_blocked, id=12400, stack(0x0000008b61e00000,0x0000008b61f00000)]
  0x000001f7defa6000 JavaThread "Daemon client event forwarder" [_thread_blocked, id=3360, stack(0x0000008b61f00000,0x0000008b62000000)]
  0x000001f7defaa000 JavaThread "Cache worker for file hash cache (C:\Users\Dell\.gradle\caches\7.0.2\fileHashes)" [_thread_blocked, id=15632, stack(0x0000008b62000000,0x0000008b62100000)]
  0x000001f7defa5000 JavaThread "File lock request listener" [_thread_in_native, id=6616, stack(0x0000008b62100000,0x0000008b62200000)]
  0x000001f7defa8800 JavaThread "File lock release action executor" [_thread_blocked, id=15536, stack(0x0000008b62300000,0x0000008b62400000)]
  0x000001f7defa7800 JavaThread "Cache worker for journal cache (C:\Users\Dell\.gradle\caches\journal-1)" [_thread_blocked, id=9260, stack(0x0000008b62400000,0x0000008b62500000)]
  0x000001f7defa4800 JavaThread "Cache worker for file hash cache (D:\JetPackNavigation\.gradle\7.0.2\fileHashes)" [_thread_blocked, id=856, stack(0x0000008b62500000,0x0000008b62600000)]
  0x000001f7defab000 JavaThread "File watcher server" daemon [_thread_in_native, id=16296, stack(0x0000008b62600000,0x0000008b62700000)]
  0x000001f7defa7000 JavaThread "File watcher consumer" daemon [_thread_blocked, id=11520, stack(0x0000008b62700000,0x0000008b62800000)]
  0x000001f7defa9800 JavaThread "jar transforms" [_thread_blocked, id=6196, stack(0x0000008b62800000,0x0000008b62900000)]
  0x000001f7e0e5d000 JavaThread "jar transforms Thread 2" [_thread_blocked, id=15640, stack(0x0000008b62900000,0x0000008b62a00000)]
  0x000001f7e0e61000 JavaThread "jar transforms Thread 3" [_thread_blocked, id=8256, stack(0x0000008b62a00000,0x0000008b62b00000)]
  0x000001f7e0e5e000 JavaThread "jar transforms Thread 4" [_thread_blocked, id=6424, stack(0x0000008b62b00000,0x0000008b62c00000)]
  0x000001f7e0e62000 JavaThread "Cache worker for checksums cache (D:\JetPackNavigation\.gradle\checksums)" [_thread_blocked, id=15064, stack(0x0000008b62c00000,0x0000008b62d00000)]
  0x000001f7e0e62800 JavaThread "Cache worker for cache directory md-supplier (C:\Users\Dell\.gradle\caches\7.0.2\md-supplier)" [_thread_blocked, id=15544, stack(0x0000008b62d00000,0x0000008b62e00000)]
  0x000001f7e0e63800 JavaThread "Cache worker for cache directory md-rule (C:\Users\Dell\.gradle\caches\7.0.2\md-rule)" [_thread_blocked, id=7844, stack(0x0000008b62e00000,0x0000008b62f00000)]
  0x000001f7e0e5e800 JavaThread "Cache worker for execution history cache (C:\Users\Dell\.gradle\caches\7.0.2\executionHistory)" [_thread_blocked, id=6400, stack(0x0000008b62f00000,0x0000008b63000000)]
  0x000001f7e0e65000 JavaThread "Cache worker for file content cache (C:\Users\Dell\.gradle\caches\7.0.2\fileContent)" [_thread_blocked, id=4604, stack(0x0000008b63000000,0x0000008b63100000)]
  0x000001f7e0e60800 JavaThread "Cache worker for dependencies-accessors (D:\JetPackNavigation\.gradle\7.0.2\dependencies-accessors)" [_thread_blocked, id=1288, stack(0x0000008b63100000,0x0000008b63200000)]
  0x000001f7e0e66000 JavaThread "Cache worker for Build Output Cleanup Cache (D:\JetPackNavigation\.gradle\buildOutputCleanup)" [_thread_blocked, id=9628, stack(0x0000008b63200000,0x0000008b63300000)]
  0x000001f7e0e67000 JavaThread "File lock release action executor Thread 2" [_thread_blocked, id=14256, stack(0x0000008b63300000,0x0000008b63400000)]
  0x000001f7e0e68800 JavaThread "Build operations" [_thread_blocked, id=14868, stack(0x0000008b63400000,0x0000008b63500000)]
  0x000001f7e0e69800 JavaThread "Build operations Thread 2" [_thread_blocked, id=14080, stack(0x0000008b63500000,0x0000008b63600000)]
  0x000001f7e0e67800 JavaThread "Build operations Thread 3" [_thread_blocked, id=6924, stack(0x0000008b63600000,0x0000008b63700000)]
  0x000001f7e0e6b800 JavaThread "Build operations Thread 4" [_thread_blocked, id=7848, stack(0x0000008b63700000,0x0000008b63800000)]
  0x000001f7e0e6a000 JavaThread "Memory manager" [_thread_blocked, id=15236, stack(0x0000008b63a00000,0x0000008b63b00000)]

Other Threads:
  0x000001f7dd915000 VMThread "VM Thread" [stack: 0x0000008b60900000,0x0000008b60a00000] [id=16280]
  0x000001f7de436000 WatcherThread [stack: 0x0000008b61300000,0x0000008b61400000] [id=8496]
  0x000001f7c35b3800 GCTaskThread "GC Thread#0" [stack: 0x0000008b60400000,0x0000008b60500000] [id=2612]
  0x000001f7dea70800 GCTaskThread "GC Thread#1" [stack: 0x0000008b61400000,0x0000008b61500000] [id=1780]
  0x000001f7dea71000 GCTaskThread "GC Thread#2" [stack: 0x0000008b61500000,0x0000008b61600000] [id=14496]
  0x000001f7dfca2800 GCTaskThread "GC Thread#3" [stack: 0x0000008b62200000,0x0000008b62300000] [id=8748]
  0x000001f7c35e3000 ConcurrentGCThread "G1 Main Marker" [stack: 0x0000008b60500000,0x0000008b60600000] [id=10468]
  0x000001f7c35e4800 ConcurrentGCThread "G1 Conc#0" [stack: 0x0000008b60600000,0x0000008b60700000] [id=3020]
  0x000001f7c3672800 ConcurrentGCThread "G1 Refine#0" [stack: 0x0000008b60700000,0x0000008b60800000] [id=15532]
  0x000001f7c3673800 ConcurrentGCThread "G1 Young RemSet Sampling" [stack: 0x0000008b60800000,0x0000008b60900000] [id=10532]

Threads with active compile tasks:
C2 CompilerThread0  70570 7333       4       sun.reflect.generics.parser.SignatureParser::parsePackageNameAndSimpleClassTypeSignature (119 bytes)

VM state:not at safepoint (normal execution)

VM Mutex/Monitor currently owned by a thread: None

Heap address: 0x0000000080000000, size: 2048 MB, Compressed Oops mode: 32-bit
Narrow klass base: 0x0000000000000000, Narrow klass shift: 3
Compressed class space size: 1073741824 Address: 0x0000000100000000

Heap:
 garbage-first heap   total 131072K, used 97102K [0x0000000080000000, 0x0000000100000000)
  region size 1024K, 16 young (16384K), 2 survivors (2048K)
 Metaspace       used 73232K, capacity 75184K, committed 75392K, reserved 1114112K
  class space    used 9381K, capacity 10048K, committed 10112K, reserved 1048576K
Heap Regions: E=young(eden), S=young(survivor), O=old, HS=humongous(starts), HC=humongous(continues), CS=collection set, F=free, A=archive, TAMS=top-at-mark-start (previous, next)
|   0|0x0000000080000000, 0x0000000080100000, 0x0000000080100000|100%| O|  |TAMS 0x0000000080100000, 0x0000000080000000| Untracked 
|   1|0x0000000080100000, 0x0000000080200000, 0x0000000080200000|100%| O|  |TAMS 0x0000000080200000, 0x0000000080100000| Untracked 
|   2|0x0000000080200000, 0x0000000080300000, 0x0000000080300000|100%| O|  |TAMS 0x0000000080300000, 0x0000000080200000| Untracked 
|   3|0x0000000080300000, 0x0000000080400000, 0x0000000080400000|100%|HS|  |TAMS 0x0000000080400000, 0x0000000080300000| Complete 
|   4|0x0000000080400000, 0x0000000080500000, 0x0000000080500000|100%|HC|  |TAMS 0x0000000080500000, 0x0000000080400000| Complete 
|   5|0x0000000080500000, 0x0000000080600000, 0x0000000080600000|100%|HC|  |TAMS 0x0000000080600000, 0x0000000080500000| Complete 
|   6|0x0000000080600000, 0x0000000080700000, 0x0000000080700000|100%| O|  |TAMS 0x0000000080700000, 0x0000000080600000| Untracked 
|   7|0x0000000080700000, 0x0000000080800000, 0x0000000080800000|100%| O|  |TAMS 0x0000000080800000, 0x0000000080700000| Untracked 
|   8|0x0000000080800000, 0x0000000080900000, 0x0000000080900000|100%| O|  |TAMS 0x0000000080900000, 0x0000000080800000| Untracked 
|   9|0x0000000080900000, 0x0000000080a00000, 0x0000000080a00000|100%|HS|  |TAMS 0x0000000080a00000, 0x0000000080900000| Complete 
|  10|0x0000000080a00000, 0x0000000080b00000, 0x0000000080b00000|100%|HC|  |TAMS 0x0000000080b00000, 0x0000000080a00000| Complete 
|  11|0x0000000080b00000, 0x0000000080c00000, 0x0000000080c00000|100%|HS|  |TAMS 0x0000000080c00000, 0x0000000080b00000| Complete 
|  12|0x0000000080c00000, 0x0000000080d00000, 0x0000000080d00000|100%|HC|  |TAMS 0x0000000080d00000, 0x0000000080c00000| Complete 
|  13|0x0000000080d00000, 0x0000000080e00000, 0x0000000080e00000|100%|HC|  |TAMS 0x0000000080e00000, 0x0000000080d00000| Complete 
|  14|0x0000000080e00000, 0x0000000080f00000, 0x0000000080f00000|100%|HS|  |TAMS 0x0000000080f00000, 0x0000000080e00000| Complete 
|  15|0x0000000080f00000, 0x0000000081000000, 0x0000000081000000|100%|HC|  |TAMS 0x0000000081000000, 0x0000000080f00000| Complete 
|  16|0x0000000081000000, 0x0000000081100000, 0x0000000081100000|100%|HC|  |TAMS 0x0000000081100000, 0x0000000081000000| Complete 
|  17|0x0000000081100000, 0x0000000081200000, 0x0000000081200000|100%|HC|  |TAMS 0x0000000081200000, 0x0000000081100000| Complete 
|  18|0x0000000081200000, 0x0000000081300000, 0x0000000081300000|100%|HC|  |TAMS 0x0000000081300000, 0x0000000081200000| Complete 
|  19|0x0000000081300000, 0x0000000081400000, 0x0000000081400000|100%| O|  |TAMS 0x0000000081400000, 0x0000000081300000| Untracked 
|  20|0x0000000081400000, 0x0000000081500000, 0x0000000081500000|100%| O|  |TAMS 0x0000000081500000, 0x0000000081400000| Untracked 
|  21|0x0000000081500000, 0x0000000081600000, 0x0000000081600000|100%| O|  |TAMS 0x0000000081600000, 0x0000000081500000| Untracked 
|  22|0x0000000081600000, 0x0000000081700000, 0x0000000081700000|100%| O|  |TAMS 0x0000000081700000, 0x0000000081600000| Untracked 
|  23|0x0000000081700000, 0x0000000081800000, 0x0000000081800000|100%| O|  |TAMS 0x0000000081800000, 0x0000000081700000| Untracked 
|  24|0x0000000081800000, 0x0000000081900000, 0x0000000081900000|100%| O|  |TAMS 0x0000000081900000, 0x0000000081800000| Untracked 
|  25|0x0000000081900000, 0x0000000081a00000, 0x0000000081a00000|100%| O|  |TAMS 0x0000000081a00000, 0x0000000081900000| Untracked 
|  26|0x0000000081a00000, 0x0000000081b00000, 0x0000000081b00000|100%| O|  |TAMS 0x0000000081b00000, 0x0000000081a00000| Untracked 
|  27|0x0000000081b00000, 0x0000000081c00000, 0x0000000081c00000|100%|HS|  |TAMS 0x0000000081c00000, 0x0000000081b00000| Complete 
|  28|0x0000000081c00000, 0x0000000081d00000, 0x0000000081d00000|100%|HC|  |TAMS 0x0000000081d00000, 0x0000000081c00000| Complete 
|  29|0x0000000081d00000, 0x0000000081e00000, 0x0000000081e00000|100%|HC|  |TAMS 0x0000000081e00000, 0x0000000081d00000| Complete 
|  30|0x0000000081e00000, 0x0000000081f00000, 0x0000000081f00000|100%| O|  |TAMS 0x0000000081f00000, 0x0000000081e00000| Untracked 
|  31|0x0000000081f00000, 0x0000000082000000, 0x0000000082000000|100%| O|  |TAMS 0x0000000082000000, 0x0000000081f00000| Untracked 
|  32|0x0000000082000000, 0x0000000082100000, 0x0000000082100000|100%| O|  |TAMS 0x0000000082100000, 0x0000000082000000| Untracked 
|  33|0x0000000082100000, 0x0000000082200000, 0x0000000082200000|100%| O|  |TAMS 0x0000000082200000, 0x0000000082100000| Untracked 
|  34|0x0000000082200000, 0x0000000082300000, 0x0000000082300000|100%|HS|  |TAMS 0x0000000082300000, 0x0000000082200000| Complete 
|  35|0x0000000082300000, 0x0000000082400000, 0x0000000082400000|100%|HC|  |TAMS 0x0000000082400000, 0x0000000082300000| Complete 
|  36|0x0000000082400000, 0x0000000082500000, 0x0000000082500000|100%|HC|  |TAMS 0x0000000082500000, 0x0000000082400000| Complete 
|  37|0x0000000082500000, 0x0000000082600000, 0x0000000082600000|100%|HC|  |TAMS 0x0000000082600000, 0x0000000082500000| Complete 
|  38|0x0000000082600000, 0x0000000082700000, 0x0000000082700000|100%|HC|  |TAMS 0x0000000082700000, 0x0000000082600000| Complete 
|  39|0x0000000082700000, 0x0000000082800000, 0x0000000082800000|100%| O|  |TAMS 0x0000000082800000, 0x0000000082700000| Untracked 
|  40|0x0000000082800000, 0x0000000082900000, 0x0000000082900000|100%| O|  |TAMS 0x0000000082900000, 0x0000000082800000| Untracked 
|  41|0x0000000082900000, 0x0000000082a00000, 0x0000000082a00000|100%| O|  |TAMS 0x0000000082a00000, 0x0000000082900000| Untracked 
|  42|0x0000000082a00000, 0x0000000082b00000, 0x0000000082b00000|100%| O|  |TAMS 0x0000000082b00000, 0x0000000082a00000| Untracked 
|  43|0x0000000082b00000, 0x0000000082c00000, 0x0000000082c00000|100%| O|  |TAMS 0x0000000082c00000, 0x0000000082b00000| Untracked 
|  44|0x0000000082c00000, 0x0000000082d00000, 0x0000000082d00000|100%| O|  |TAMS 0x0000000082d00000, 0x0000000082c00000| Untracked 
|  45|0x0000000082d00000, 0x0000000082e00000, 0x0000000082e00000|100%| O|  |TAMS 0x0000000082e00000, 0x0000000082d00000| Untracked 
|  46|0x0000000082e00000, 0x0000000082f00000, 0x0000000082f00000|100%| O|  |TAMS 0x0000000082f00000, 0x0000000082e00000| Untracked 
|  47|0x0000000082f00000, 0x0000000083000000, 0x0000000083000000|100%| O|  |TAMS 0x0000000083000000, 0x0000000082f00000| Untracked 
|  48|0x0000000083000000, 0x0000000083100000, 0x0000000083100000|100%| O|  |TAMS 0x0000000083100000, 0x0000000083000000| Untracked 
|  49|0x0000000083100000, 0x0000000083200000, 0x0000000083200000|100%| O|  |TAMS 0x0000000083200000, 0x0000000083100000| Untracked 
|  50|0x0000000083200000, 0x0000000083300000, 0x0000000083300000|100%| O|  |TAMS 0x0000000083300000, 0x0000000083200000| Untracked 
|  51|0x0000000083300000, 0x0000000083400000, 0x0000000083400000|100%|HS|  |TAMS 0x0000000083400000, 0x0000000083300000| Complete 
|  52|0x0000000083400000, 0x0000000083500000, 0x0000000083500000|100%|HS|  |TAMS 0x0000000083500000, 0x0000000083400000| Complete 
|  53|0x0000000083500000, 0x0000000083600000, 0x0000000083600000|100%|HS|  |TAMS 0x0000000083600000, 0x0000000083500000| Complete 
|  54|0x0000000083600000, 0x0000000083700000, 0x0000000083700000|100%|HS|  |TAMS 0x0000000083700000, 0x0000000083600000| Complete 
|  55|0x0000000083700000, 0x0000000083800000, 0x0000000083800000|100%|HC|  |TAMS 0x0000000083800000, 0x0000000083700000| Complete 
|  56|0x0000000083800000, 0x0000000083900000, 0x0000000083900000|100%|HC|  |TAMS 0x0000000083900000, 0x0000000083800000| Complete 
|  57|0x0000000083900000, 0x0000000083a00000, 0x0000000083a00000|100%| O|  |TAMS 0x0000000083a00000, 0x0000000083900000| Untracked 
|  58|0x0000000083a00000, 0x0000000083b00000, 0x0000000083b00000|100%| O|  |TAMS 0x0000000083b00000, 0x0000000083a00000| Untracked 
|  59|0x0000000083b00000, 0x0000000083c00000, 0x0000000083c00000|100%| O|  |TAMS 0x0000000083c00000, 0x0000000083b00000| Untracked 
|  60|0x0000000083c00000, 0x0000000083d00000, 0x0000000083d00000|100%|HS|  |TAMS 0x0000000083d00000, 0x0000000083c00000| Complete 
|  61|0x0000000083d00000, 0x0000000083e00000, 0x0000000083e00000|100%|HC|  |TAMS 0x0000000083e00000, 0x0000000083d00000| Complete 
|  62|0x0000000083e00000, 0x0000000083f00000, 0x0000000083f00000|100%| O|  |TAMS 0x0000000083f00000, 0x0000000083e00000| Untracked 
|  63|0x0000000083f00000, 0x0000000084000000, 0x0000000084000000|100%| O|  |TAMS 0x0000000084000000, 0x0000000083f00000| Untracked 
|  64|0x0000000084000000, 0x0000000084100000, 0x0000000084100000|100%| O|  |TAMS 0x0000000084100000, 0x0000000084000000| Untracked 
|  65|0x0000000084100000, 0x0000000084200000, 0x0000000084200000|100%| O|  |TAMS 0x0000000084200000, 0x0000000084100000| Untracked 
|  66|0x0000000084200000, 0x0000000084300000, 0x0000000084300000|100%| O|  |TAMS 0x0000000084300000, 0x0000000084200000| Untracked 
|  67|0x0000000084300000, 0x0000000084400000, 0x0000000084400000|100%| O|  |TAMS 0x0000000084400000, 0x0000000084300000| Untracked 
|  68|0x0000000084400000, 0x0000000084500000, 0x0000000084500000|100%| O|  |TAMS 0x0000000084500000, 0x0000000084400000| Untracked 
|  69|0x0000000084500000, 0x0000000084600000, 0x0000000084600000|100%| O|  |TAMS 0x0000000084600000, 0x0000000084500000| Untracked 
|  70|0x0000000084600000, 0x0000000084700000, 0x0000000084700000|100%| O|  |TAMS 0x0000000084700000, 0x0000000084600000| Untracked 
|  71|0x0000000084700000, 0x0000000084800000, 0x0000000084800000|100%| O|  |TAMS 0x0000000084800000, 0x0000000084700000| Untracked 
|  72|0x0000000084800000, 0x0000000084900000, 0x0000000084900000|100%| O|  |TAMS 0x0000000084900000, 0x0000000084800000| Untracked 
|  73|0x0000000084900000, 0x0000000084a00000, 0x0000000084a00000|100%| O|  |TAMS 0x0000000084a00000, 0x0000000084900000| Untracked 
|  74|0x0000000084a00000, 0x0000000084b00000, 0x0000000084b00000|100%| O|  |TAMS 0x0000000084b00000, 0x0000000084a00000| Untracked 
|  75|0x0000000084b00000, 0x0000000084c00000, 0x0000000084c00000|100%| O|  |TAMS 0x0000000084c00000, 0x0000000084b00000| Untracked 
|  76|0x0000000084c00000, 0x0000000084d00000, 0x0000000084d00000|100%| O|  |TAMS 0x0000000084ca6000, 0x0000000084c00000| Untracked 
|  77|0x0000000084d00000, 0x0000000084e00000, 0x0000000084e00000|100%| O|  |TAMS 0x0000000084d00000, 0x0000000084d00000| Untracked 
|  78|0x0000000084e00000, 0x0000000084f00000, 0x0000000084f00000|100%| O|  |TAMS 0x0000000084e00000, 0x0000000084e00000| Untracked 
|  79|0x0000000084f00000, 0x0000000085000000, 0x0000000085000000|100%| O|  |TAMS 0x0000000084f00000, 0x0000000084f00000| Untracked 
|  80|0x0000000085000000, 0x00000000850d3a00, 0x0000000085100000| 82%| O|  |TAMS 0x0000000085000000, 0x0000000085000000| Untracked 
|  81|0x0000000085100000, 0x0000000085100000, 0x0000000085200000|  0%| F|  |TAMS 0x0000000085100000, 0x0000000085100000| Untracked 
|  82|0x0000000085200000, 0x0000000085200000, 0x0000000085300000|  0%| F|  |TAMS 0x0000000085200000, 0x0000000085200000| Untracked 
|  83|0x0000000085300000, 0x0000000085300000, 0x0000000085400000|  0%| F|  |TAMS 0x0000000085300000, 0x0000000085300000| Untracked 
|  84|0x0000000085400000, 0x0000000085400000, 0x0000000085500000|  0%| F|  |TAMS 0x0000000085400000, 0x0000000085400000| Untracked 
|  85|0x0000000085500000, 0x0000000085500000, 0x0000000085600000|  0%| F|  |TAMS 0x0000000085500000, 0x0000000085500000| Untracked 
|  86|0x0000000085600000, 0x0000000085600000, 0x0000000085700000|  0%| F|  |TAMS 0x0000000085600000, 0x0000000085600000| Untracked 
|  87|0x0000000085700000, 0x0000000085700000, 0x0000000085800000|  0%| F|  |TAMS 0x0000000085700000, 0x0000000085700000| Untracked 
|  88|0x0000000085800000, 0x0000000085800000, 0x0000000085900000|  0%| F|  |TAMS 0x0000000085800000, 0x0000000085800000| Untracked 
|  89|0x0000000085900000, 0x0000000085900000, 0x0000000085a00000|  0%| F|  |TAMS 0x0000000085900000, 0x0000000085900000| Untracked 
|  90|0x0000000085a00000, 0x0000000085a00000, 0x0000000085b00000|  0%| F|  |TAMS 0x0000000085a00000, 0x0000000085a00000| Untracked 
|  91|0x0000000085b00000, 0x0000000085b00000, 0x0000000085c00000|  0%| F|  |TAMS 0x0000000085b00000, 0x0000000085b00000| Untracked 
|  92|0x0000000085c00000, 0x0000000085c00000, 0x0000000085d00000|  0%| F|  |TAMS 0x0000000085c00000, 0x0000000085c00000| Untracked 
|  93|0x0000000085d00000, 0x0000000085d00000, 0x0000000085e00000|  0%| F|  |TAMS 0x0000000085d00000, 0x0000000085d00000| Untracked 
|  94|0x0000000085e00000, 0x0000000085e00000, 0x0000000085f00000|  0%| F|  |TAMS 0x0000000085e00000, 0x0000000085e00000| Untracked 
|  95|0x0000000085f00000, 0x0000000085f00000, 0x0000000086000000|  0%| F|  |TAMS 0x0000000085f00000, 0x0000000085f00000| Untracked 
|  96|0x0000000086000000, 0x0000000086000000, 0x0000000086100000|  0%| F|  |TAMS 0x0000000086000000, 0x0000000086000000| Untracked 
|  97|0x0000000086100000, 0x0000000086100000, 0x0000000086200000|  0%| F|  |TAMS 0x0000000086100000, 0x0000000086100000| Untracked 
|  98|0x0000000086200000, 0x0000000086200000, 0x0000000086300000|  0%| F|  |TAMS 0x0000000086200000, 0x0000000086200000| Untracked 
|  99|0x0000000086300000, 0x0000000086300000, 0x0000000086400000|  0%| F|  |TAMS 0x0000000086300000, 0x0000000086300000| Untracked 
| 100|0x0000000086400000, 0x0000000086500000, 0x0000000086500000|100%| S|CS|TAMS 0x0000000086400000, 0x0000000086400000| Complete 
| 101|0x0000000086500000, 0x0000000086600000, 0x0000000086600000|100%| S|CS|TAMS 0x0000000086500000, 0x0000000086500000| Complete 
| 102|0x0000000086600000, 0x0000000086600000, 0x0000000086700000|  0%| F|  |TAMS 0x0000000086600000, 0x0000000086600000| Untracked 
| 103|0x0000000086700000, 0x0000000086700000, 0x0000000086800000|  0%| F|  |TAMS 0x0000000086700000, 0x0000000086700000| Untracked 
| 104|0x0000000086800000, 0x0000000086800000, 0x0000000086900000|  0%| F|  |TAMS 0x0000000086800000, 0x0000000086800000| Untracked 
| 105|0x0000000086900000, 0x0000000086900000, 0x0000000086a00000|  0%| F|  |TAMS 0x0000000086900000, 0x0000000086900000| Untracked 
| 106|0x0000000086a00000, 0x0000000086a00000, 0x0000000086b00000|  0%| F|  |TAMS 0x0000000086a00000, 0x0000000086a00000| Untracked 
| 107|0x0000000086b00000, 0x0000000086b00000, 0x0000000086c00000|  0%| F|  |TAMS 0x0000000086b00000, 0x0000000086b00000| Untracked 
| 108|0x0000000086c00000, 0x0000000086c00000, 0x0000000086d00000|  0%| F|  |TAMS 0x0000000086c00000, 0x0000000086c00000| Untracked 
| 109|0x0000000086d00000, 0x0000000086d00000, 0x0000000086e00000|  0%| F|  |TAMS 0x0000000086d00000, 0x0000000086d00000| Untracked 
| 110|0x0000000086e00000, 0x0000000086e00000, 0x0000000086f00000|  0%| F|  |TAMS 0x0000000086e00000, 0x0000000086e00000| Untracked 
| 111|0x0000000086f00000, 0x0000000086f00000, 0x0000000087000000|  0%| F|  |TAMS 0x0000000086f00000, 0x0000000086f00000| Untracked 
| 112|0x0000000087000000, 0x0000000087000000, 0x0000000087100000|  0%| F|  |TAMS 0x0000000087000000, 0x0000000087000000| Untracked 
| 113|0x0000000087100000, 0x0000000087100000, 0x0000000087200000|  0%| F|  |TAMS 0x0000000087100000, 0x0000000087100000| Untracked 
| 114|0x0000000087200000, 0x000000008727e208, 0x0000000087300000| 49%| E|  |TAMS 0x0000000087200000, 0x0000000087200000| Complete 
| 115|0x0000000087300000, 0x0000000087400000, 0x0000000087400000|100%| E|CS|TAMS 0x0000000087300000, 0x0000000087300000| Complete 
| 116|0x0000000087400000, 0x0000000087500000, 0x0000000087500000|100%| E|CS|TAMS 0x0000000087400000, 0x0000000087400000| Complete 
| 117|0x0000000087500000, 0x0000000087600000, 0x0000000087600000|100%| E|CS|TAMS 0x0000000087500000, 0x0000000087500000| Complete 
| 118|0x0000000087600000, 0x0000000087700000, 0x0000000087700000|100%| E|CS|TAMS 0x0000000087600000, 0x0000000087600000| Complete 
| 119|0x0000000087700000, 0x0000000087800000, 0x0000000087800000|100%| E|CS|TAMS 0x0000000087700000, 0x0000000087700000| Complete 
| 120|0x0000000087800000, 0x0000000087900000, 0x0000000087900000|100%| E|CS|TAMS 0x0000000087800000, 0x0000000087800000| Complete 
| 121|0x0000000087900000, 0x0000000087a00000, 0x0000000087a00000|100%| E|CS|TAMS 0x0000000087900000, 0x0000000087900000| Complete 
| 122|0x0000000087a00000, 0x0000000087b00000, 0x0000000087b00000|100%| E|  |TAMS 0x0000000087a00000, 0x0000000087a00000| Complete 
| 123|0x0000000087b00000, 0x0000000087c00000, 0x0000000087c00000|100%| E|CS|TAMS 0x0000000087b00000, 0x0000000087b00000| Complete 
| 124|0x0000000087c00000, 0x0000000087d00000, 0x0000000087d00000|100%| E|CS|TAMS 0x0000000087c00000, 0x0000000087c00000| Complete 
| 125|0x0000000087d00000, 0x0000000087e00000, 0x0000000087e00000|100%| E|CS|TAMS 0x0000000087d00000, 0x0000000087d00000| Complete 
| 126|0x0000000087e00000, 0x0000000087f00000, 0x0000000087f00000|100%| E|CS|TAMS 0x0000000087e00000, 0x0000000087e00000| Complete 
| 127|0x0000000087f00000, 0x0000000088000000, 0x0000000088000000|100%| E|CS|TAMS 0x0000000087f00000, 0x0000000087f00000| Complete 

Card table byte_map: [0x000001f7d6ae0000,0x000001f7d6ee0000] _byte_map_base: 0x000001f7d66e0000

Marking Bits (Prev, Next): (CMBitMap*) 0x000001f7c35da128, (CMBitMap*) 0x000001f7c35da160
 Prev Bits: [0x000001f7d72e0000, 0x000001f7d92e0000)
 Next Bits: [0x000001f7d92e0000, 0x000001f7db2e0000)

Polling page: 0x000001f7c7090000

Metaspace:

Usage:
  Non-class:     63.61 MB capacity,    62.36 MB ( 98%) used,     1.08 MB (  2%) free+waste,   180.50 KB ( <1%) overhead. 
      Class:      9.81 MB capacity,     9.16 MB ( 93%) used,   582.95 KB (  6%) free+waste,    83.88 KB ( <1%) overhead. 
       Both:     73.43 MB capacity,    71.52 MB ( 97%) used,     1.65 MB (  2%) free+waste,   264.38 KB ( <1%) overhead. 

Virtual space:
  Non-class space:       64.00 MB reserved,      63.75 MB (>99%) committed 
      Class space:        1.00 GB reserved,       9.88 MB ( <1%) committed 
             Both:        1.06 GB reserved,      73.63 MB (  7%) committed 

Chunk freelists:
   Non-Class:  11.00 KB
       Class:  0 bytes
        Both:  11.00 KB

MaxMetaspaceSize: 17179869184.00 GB
CompressedClassSpaceSize: 1.00 GB

CodeHeap 'non-profiled nmethods': size=120064Kb used=4338Kb max_used=4338Kb free=115725Kb
 bounds [0x000001f7ceb70000, 0x000001f7cefb0000, 0x000001f7d60b0000]
CodeHeap 'profiled nmethods': size=120000Kb used=15851Kb max_used=15851Kb free=104149Kb
 bounds [0x000001f7c7640000, 0x000001f7c85c0000, 0x000001f7ceb70000]
CodeHeap 'non-nmethods': size=5696Kb used=2268Kb max_used=2305Kb free=3427Kb
 bounds [0x000001f7c70b0000, 0x000001f7c7320000, 0x000001f7c7640000]
 total_blobs=8133 nmethods=7271 adapters=773
 compilation: enabled
              stopped_count=0, restarted_count=0
 full_count=0

Compilation events (20 events):
Event: 69.950 Thread 0x000001f7dd943800 nmethod 7328 0x000001f7c85b1610 code [0x000001f7c85b17e0, 0x000001f7c85b1b18]
Event: 69.950 Thread 0x000001f7dd943800 7329       1       org.gradle.api.internal.artifacts.configurations.DefaultConfiguration::isCanBeResolved (5 bytes)
Event: 69.950 Thread 0x000001f7dd943800 nmethod 7329 0x000001f7cefac810 code [0x000001f7cefac9c0, 0x000001f7cefaca78]
Event: 69.950 Thread 0x000001f7dd943800 7330       3       org.gradle.api.internal.artifacts.configurations.DefaultConfiguration_Decorated::getIncoming (40 bytes)
Event: 69.951 Thread 0x000001f7dd943800 nmethod 7330 0x000001f7c85b1c90 code [0x000001f7c85b1ec0, 0x000001f7c85b2608]
Event: 69.951 Thread 0x000001f7dd943800 7331       3       org.gradle.internal.event.ListenerBroadcast::add (14 bytes)
Event: 69.951 Thread 0x000001f7dd943800 nmethod 7331 0x000001f7c85b2810 code [0x000001f7c85b2a20, 0x000001f7c85b30d8]
Event: 69.951 Thread 0x000001f7dd943800 7332       3       org.gradle.internal.event.BroadcastDispatch::add (26 bytes)
Event: 69.952 Thread 0x000001f7dd943800 nmethod 7332 0x000001f7c85b3310 code [0x000001f7c85b3500, 0x000001f7c85b3a38]
Event: 70.495 Thread 0x000001f7dd940800 7333       4       sun.reflect.generics.parser.SignatureParser::parsePackageNameAndSimpleClassTypeSignature (119 bytes)
Event: 70.499 Thread 0x000001f7dd943800 7334       3       com.google.common.collect.CompactHashMap$Itr::hasNext (13 bytes)
Event: 70.499 Thread 0x000001f7dd943800 nmethod 7334 0x000001f7c85b3c10 code [0x000001f7c85b3dc0, 0x000001f7c85b3f18]
Event: 70.499 Thread 0x000001f7dd943800 7335       3       com.google.common.collect.CompactHashMap::isEmpty (13 bytes)
Event: 70.499 Thread 0x000001f7dd943800 nmethod 7335 0x000001f7c85b3f90 code [0x000001f7c85b4140, 0x000001f7c85b4298]
Event: 70.504 Thread 0x000001f7dd943800 7336       3       sun.reflect.generics.scope.MethodScope::computeEnclosingScope (8 bytes)
Event: 70.504 Thread 0x000001f7dd943800 nmethod 7336 0x000001f7c85b4310 code [0x000001f7c85b4500, 0x000001f7c85b4a18]
Event: 70.520 Thread 0x000001f7dd943800 7337       3       com.google.common.collect.CompactHashMap::newTable (11 bytes)
Event: 70.520 Thread 0x000001f7dd943800 nmethod 7337 0x000001f7c85b4c10 code [0x000001f7c85b4dc0, 0x000001f7c85b4f68]
Event: 70.522 Thread 0x000001f7dd943800 7338       3       sun.reflect.annotation.AnnotationInvocationHandler::cloneArray (143 bytes)
Event: 70.527 Thread 0x000001f7dd943800 nmethod 7338 0x000001f7c85b5010 code [0x000001f7c85b52e0, 0x000001f7c85b6588]

GC Heap History (20 events):
Event: 44.029 GC heap before
{Heap before GC invocations=10 (full 0):
 garbage-first heap   total 131072K, used 102050K [0x0000000080000000, 0x0000000100000000)
  region size 1024K, 58 young (59392K), 9 survivors (9216K)
 Metaspace       used 47285K, capacity 48789K, committed 48896K, reserved 1091584K
  class space    used 6069K, capacity 6556K, committed 6656K, reserved 1048576K
}
Event: 44.049 GC heap after
{Heap after GC invocations=11 (full 0):
 garbage-first heap   total 131072K, used 55338K [0x0000000080000000, 0x0000000100000000)
  region size 1024K, 4 young (4096K), 4 survivors (4096K)
 Metaspace       used 47285K, capacity 48789K, committed 48896K, reserved 1091584K
  class space    used 6069K, capacity 6556K, committed 6656K, reserved 1048576K
}
Event: 47.582 GC heap before
{Heap before GC invocations=11 (full 0):
 garbage-first heap   total 131072K, used 102442K [0x0000000080000000, 0x0000000100000000)
  region size 1024K, 51 young (52224K), 4 survivors (4096K)
 Metaspace       used 49371K, capacity 50902K, committed 51072K, reserved 1093632K
  class space    used 6296K, capacity 6782K, committed 6784K, reserved 1048576K
}
Event: 47.594 GC heap after
{Heap after GC invocations=12 (full 0):
 garbage-first heap   total 131072K, used 57808K [0x0000000080000000, 0x0000000100000000)
  region size 1024K, 6 young (6144K), 6 survivors (6144K)
 Metaspace       used 49371K, capacity 50902K, committed 51072K, reserved 1093632K
  class space    used 6296K, capacity 6782K, committed 6784K, reserved 1048576K
}
Event: 49.273 GC heap before
{Heap before GC invocations=12 (full 0):
 garbage-first heap   total 131072K, used 79312K [0x0000000080000000, 0x0000000100000000)
  region size 1024K, 23 young (23552K), 6 survivors (6144K)
 Metaspace       used 49668K, capacity 51227K, committed 51456K, reserved 1093632K
  class space    used 6325K, capacity 6820K, committed 6912K, reserved 1048576K
}
Event: 49.294 GC heap after
{Heap after GC invocations=13 (full 0):
 garbage-first heap   total 131072K, used 67953K [0x0000000080000000, 0x0000000100000000)
  region size 1024K, 7 young (7168K), 7 survivors (7168K)
 Metaspace       used 49668K, capacity 51227K, committed 51456K, reserved 1093632K
  class space    used 6325K, capacity 6820K, committed 6912K, reserved 1048576K
}
Event: 51.247 GC heap before
{Heap before GC invocations=14 (full 0):
 garbage-first heap   total 131072K, used 106865K [0x0000000080000000, 0x0000000100000000)
  region size 1024K, 43 young (44032K), 7 survivors (7168K)
 Metaspace       used 53613K, capacity 55269K, committed 55552K, reserved 1097728K
  class space    used 6833K, capacity 7376K, committed 7424K, reserved 1048576K
}
Event: 51.258 GC heap after
{Heap after GC invocations=15 (full 0):
 garbage-first heap   total 131072K, used 72803K [0x0000000080000000, 0x0000000100000000)
  region size 1024K, 3 young (3072K), 3 survivors (3072K)
 Metaspace       used 53613K, capacity 55269K, committed 55552K, reserved 1097728K
  class space    used 6833K, capacity 7376K, committed 7424K, reserved 1048576K
}
Event: 52.740 GC heap before
{Heap before GC invocations=15 (full 0):
 garbage-first heap   total 131072K, used 106595K [0x0000000080000000, 0x0000000100000000)
  region size 1024K, 36 young (36864K), 3 survivors (3072K)
 Metaspace       used 58860K, capacity 60528K, committed 60800K, reserved 1101824K
  class space    used 7421K, capacity 7993K, committed 8064K, reserved 1048576K
}
Event: 52.750 GC heap after
{Heap after GC invocations=16 (full 0):
 garbage-first heap   total 131072K, used 73625K [0x0000000080000000, 0x0000000100000000)
  region size 1024K, 4 young (4096K), 4 survivors (4096K)
 Metaspace       used 58860K, capacity 60528K, committed 60800K, reserved 1101824K
  class space    used 7421K, capacity 7993K, committed 8064K, reserved 1048576K
}
Event: 55.037 GC heap before
{Heap before GC invocations=17 (full 0):
 garbage-first heap   total 131072K, used 106393K [0x0000000080000000, 0x0000000100000000)
  region size 1024K, 37 young (37888K), 4 survivors (4096K)
 Metaspace       used 62747K, capacity 64489K, committed 64640K, reserved 1105920K
  class space    used 7909K, capacity 8502K, committed 8576K, reserved 1048576K
}
Event: 55.055 GC heap after
{Heap after GC invocations=18 (full 0):
 garbage-first heap   total 131072K, used 77138K [0x0000000080000000, 0x0000000100000000)
  region size 1024K, 5 young (5120K), 5 survivors (5120K)
 Metaspace       used 62747K, capacity 64489K, committed 64640K, reserved 1105920K
  class space    used 7909K, capacity 8502K, committed 8576K, reserved 1048576K
}
Event: 56.726 GC heap before
{Heap before GC invocations=18 (full 0):
 garbage-first heap   total 131072K, used 99666K [0x0000000080000000, 0x0000000100000000)
  region size 1024K, 28 young (28672K), 5 survivors (5120K)
 Metaspace       used 65123K, capacity 66924K, committed 67072K, reserved 1107968K
  class space    used 8216K, capacity 8839K, committed 8960K, reserved 1048576K
}
Event: 56.738 GC heap after
{Heap after GC invocations=19 (full 0):
 garbage-first heap   total 131072K, used 78662K [0x0000000080000000, 0x0000000100000000)
  region size 1024K, 2 young (2048K), 2 survivors (2048K)
 Metaspace       used 65123K, capacity 66924K, committed 67072K, reserved 1107968K
  class space    used 8216K, capacity 8839K, committed 8960K, reserved 1048576K
}
Event: 59.168 GC heap before
{Heap before GC invocations=20 (full 0):
 garbage-first heap   total 131072K, used 108358K [0x0000000080000000, 0x0000000100000000)
  region size 1024K, 30 young (30720K), 2 survivors (2048K)
 Metaspace       used 67861K, capacity 69685K, committed 69888K, reserved 1110016K
  class space    used 8549K, capacity 9157K, committed 9216K, reserved 1048576K
}
Event: 59.181 GC heap after
{Heap after GC invocations=21 (full 0):
 garbage-first heap   total 131072K, used 79585K [0x0000000080000000, 0x0000000100000000)
  region size 1024K, 3 young (3072K), 3 survivors (3072K)
 Metaspace       used 67861K, capacity 69685K, committed 69888K, reserved 1110016K
  class space    used 8549K, capacity 9157K, committed 9216K, reserved 1048576K
}
Event: 63.950 GC heap before
{Heap before GC invocations=21 (full 0):
 garbage-first heap   total 131072K, used 108257K [0x0000000080000000, 0x0000000100000000)
  region size 1024K, 31 young (31744K), 3 survivors (3072K)
 Metaspace       used 68472K, capacity 70415K, committed 70528K, reserved 1110016K
  class space    used 8637K, capacity 9293K, committed 9344K, reserved 1048576K
}
Event: 63.967 GC heap after
{Heap after GC invocations=22 (full 0):
 garbage-first heap   total 131072K, used 82584K [0x0000000080000000, 0x0000000100000000)
  region size 1024K, 4 young (4096K), 4 survivors (4096K)
 Metaspace       used 68472K, capacity 70415K, committed 70528K, reserved 1110016K
  class space    used 8637K, capacity 9293K, committed 9344K, reserved 1048576K
}
Event: 66.823 GC heap before
{Heap before GC invocations=23 (full 0):
 garbage-first heap   total 131072K, used 109208K [0x0000000080000000, 0x0000000100000000)
  region size 1024K, 30 young (30720K), 4 survivors (4096K)
 Metaspace       used 71447K, capacity 73315K, committed 73472K, reserved 1114112K
  class space    used 9061K, capacity 9685K, committed 9728K, reserved 1048576K
}
Event: 66.838 GC heap after
{Heap after GC invocations=24 (full 0):
 garbage-first heap   total 131072K, used 84814K [0x0000000080000000, 0x0000000100000000)
  region size 1024K, 2 young (2048K), 2 survivors (2048K)
 Metaspace       used 71447K, capacity 73315K, committed 73472K, reserved 1114112K
  class space    used 9061K, capacity 9685K, committed 9728K, reserved 1048576K
}

Deoptimization events (20 events):
Event: 59.892 Thread 0x000001f7dee75800 DEOPT PACKING pc=0x000001f7c7e9136b sp=0x0000008b61cf8e40
Event: 59.892 Thread 0x000001f7dee75800 DEOPT UNPACKING pc=0x000001f7c70d76ce sp=0x0000008b61cf82a0 mode 0
Event: 60.175 Thread 0x000001f7dee75800 DEOPT PACKING pc=0x000001f7c7c6dff9 sp=0x0000008b61cf8d30
Event: 60.175 Thread 0x000001f7dee75800 DEOPT UNPACKING pc=0x000001f7c70d76ce sp=0x0000008b61cf81f8 mode 0
Event: 63.307 Thread 0x000001f7dee75800 Uncommon trap: trap_request=0xffffff4d fr.pc=0x000001f7ced37880 relative=0x0000000000000340
Event: 63.307 Thread 0x000001f7dee75800 Uncommon trap: reason=unstable_if action=reinterpret pc=0x000001f7ced37880 method=java.util.StringJoiner.add(Ljava/lang/CharSequence;)Ljava/util/StringJoiner; @ 33 c2
Event: 63.307 Thread 0x000001f7dee75800 DEOPT PACKING pc=0x000001f7ced37880 sp=0x0000008b61cf5c30
Event: 63.307 Thread 0x000001f7dee75800 DEOPT UNPACKING pc=0x000001f7c70d78af sp=0x0000008b61cf5be0 mode 2
Event: 63.398 Thread 0x000001f7dee75800 Uncommon trap: trap_request=0xffffff4d fr.pc=0x000001f7cef5481c relative=0x000000000000055c
Event: 63.399 Thread 0x000001f7dee75800 Uncommon trap: reason=unstable_if action=reinterpret pc=0x000001f7cef5481c method=groovy.lang.MetaClassImpl.filterPropertyMethod(Ljava/lang/Object;ZZ)Ljava/lang/Object; @ 60 c2
Event: 63.399 Thread 0x000001f7dee75800 DEOPT PACKING pc=0x000001f7cef5481c sp=0x0000008b61cf80e0
Event: 63.399 Thread 0x000001f7dee75800 DEOPT UNPACKING pc=0x000001f7c70d78af sp=0x0000008b61cf8040 mode 2
Event: 63.656 Thread 0x000001f7dee75800 Uncommon trap: trap_request=0xfffffff4 fr.pc=0x000001f7cee735e0 relative=0x0000000000000940
Event: 63.656 Thread 0x000001f7dee75800 Uncommon trap: reason=null_check action=make_not_entrant pc=0x000001f7cee735e0 method=com.sun.beans.introspect.MethodInfo$MethodOrder.compare(Ljava/lang/reflect/Method;Ljava/lang/reflect/Method;)I @ 133 c2
Event: 63.656 Thread 0x000001f7dee75800 DEOPT PACKING pc=0x000001f7cee735e0 sp=0x0000008b61cf3cd0
Event: 63.656 Thread 0x000001f7dee75800 DEOPT UNPACKING pc=0x000001f7c70d78af sp=0x0000008b61cf3c70 mode 2
Event: 63.911 Thread 0x000001f7dee75800 Uncommon trap: trap_request=0xfffffff4 fr.pc=0x000001f7cef77e88 relative=0x0000000000000a68
Event: 63.911 Thread 0x000001f7dee75800 Uncommon trap: reason=null_check action=make_not_entrant pc=0x000001f7cef77e88 method=com.sun.beans.introspect.MethodInfo$MethodOrder.compare(Ljava/lang/reflect/Method;Ljava/lang/reflect/Method;)I @ 145 c2
Event: 63.911 Thread 0x000001f7dee75800 DEOPT PACKING pc=0x000001f7cef77e88 sp=0x0000008b61cf29d0
Event: 63.911 Thread 0x000001f7dee75800 DEOPT UNPACKING pc=0x000001f7c70d78af sp=0x0000008b61cf2970 mode 2

Classes redefined (0 events):
No events

Internal exceptions (20 events):
Event: 63.907 Thread 0x000001f7dee75800 Exception <a 'java/lang/ClassNotFoundException'{0x000000008651e370}: com/android/build/gradle/internal/dsl/BuildTypeBeanInfo> (0x000000008651e370) thrown at [./src/hotspot/share/classfile/systemDictionary.cpp, line 231]
Event: 63.908 Thread 0x000001f7dee75800 Exception <a 'java/lang/ClassNotFoundException'{0x0000000086538390}: com/android/builder/core/AbstractBuildTypeBeanInfo> (0x0000000086538390) thrown at [./src/hotspot/share/classfile/systemDictionary.cpp, line 231]
Event: 63.911 Thread 0x000001f7dee75800 Exception <a 'java/lang/ClassNotFoundException'{0x0000000086552cc0}: com/android/builder/core/AbstractBuildTypeCustomizer> (0x0000000086552cc0) thrown at [./src/hotspot/share/classfile/systemDictionary.cpp, line 231]
Event: 63.911 Thread 0x000001f7dee75800 Implicit null exception at 0x000001f7cef77a4e to 0x000001f7cef77e74
Event: 63.921 Thread 0x000001f7dee75800 Exception <a 'java/lang/ClassNotFoundException'{0x000000008658a1f0}: com/android/build/gradle/internal/dsl/BuildTypeCustomizer> (0x000000008658a1f0) thrown at [./src/hotspot/share/classfile/systemDictionary.cpp, line 231]
Event: 63.933 Thread 0x000001f7dee75800 Exception <a 'java/lang/ClassNotFoundException'{0x00000000864198c8}: com/android/build/gradle/internal/dsl/BuildType_DecoratedCustomizer> (0x00000000864198c8) thrown at [./src/hotspot/share/classfile/systemDictionary.cpp, line 231]
Event: 63.942 Thread 0x000001f7dee75800 Exception <a 'java/lang/ClassNotFoundException'{0x00000000864dda18}: build_wxd2xa2pf60z0nfjh390pldo$_run_closure1$_closure4BeanInfo> (0x00000000864dda18) thrown at [./src/hotspot/share/classfile/systemDictionary.cpp, line 231]
Event: 63.943 Thread 0x000001f7dee75800 Exception <a 'java/lang/ClassNotFoundException'{0x00000000864ef658}: build_wxd2xa2pf60z0nfjh390pldo$_run_closure1$_closure4Customizer> (0x00000000864ef658) thrown at [./src/hotspot/share/classfile/systemDictionary.cpp, line 231]
Event: 63.970 Thread 0x000001f7dee75800 Exception <a 'java/lang/ClassNotFoundException'{0x0000000087f1a9e0}: build_wxd2xa2pf60z0nfjh390pldo$_run_closure1BeanInfo> (0x0000000087f1a9e0) thrown at [./src/hotspot/share/classfile/systemDictionary.cpp, line 231]
Event: 63.970 Thread 0x000001f7dee75800 Exception <a 'java/lang/ClassNotFoundException'{0x0000000087f2bae0}: build_wxd2xa2pf60z0nfjh390pldo$_run_closure1Customizer> (0x0000000087f2bae0) thrown at [./src/hotspot/share/classfile/systemDictionary.cpp, line 231]
Event: 63.977 Thread 0x000001f7dee75800 Exception <a 'java/lang/ClassNotFoundException'{0x0000000087f89fe0}: org/gradle/api/JavaVersionBeanInfo> (0x0000000087f89fe0) thrown at [./src/hotspot/share/classfile/systemDictionary.cpp, line 231]
Event: 63.978 Thread 0x000001f7dee75800 Exception <a 'java/lang/ClassNotFoundException'{0x0000000087fb5248}: org/gradle/api/JavaVersionCustomizer> (0x0000000087fb5248) thrown at [./src/hotspot/share/classfile/systemDictionary.cpp, line 231]
Event: 63.983 Thread 0x000001f7dee75800 Exception <a 'java/lang/ClassNotFoundException'{0x0000000087e0d4e0}: com/android/build/gradle/internal/CompileOptions_DecoratedBeanInfo> (0x0000000087e0d4e0) thrown at [./src/hotspot/share/classfile/systemDictionary.cpp, line 231]
Event: 63.984 Thread 0x000001f7dee75800 Exception <a 'java/lang/ClassNotFoundException'{0x0000000087e26fb8}: com/android/build/gradle/internal/CompileOptionsBeanInfo> (0x0000000087e26fb8) thrown at [./src/hotspot/share/classfile/systemDictionary.cpp, line 231]
Event: 63.985 Thread 0x000001f7dee75800 Exception <a 'java/lang/ClassNotFoundException'{0x0000000087e413e0}: com/android/build/gradle/internal/CompileOptionsCustomizer> (0x0000000087e413e0) thrown at [./src/hotspot/share/classfile/systemDictionary.cpp, line 231]
Event: 63.987 Thread 0x000001f7dee75800 Exception <a 'java/lang/ClassNotFoundException'{0x0000000087e68730}: com/android/build/gradle/internal/CompileOptions_DecoratedCustomizer> (0x0000000087e68730) thrown at [./src/hotspot/share/classfile/systemDictionary.cpp, line 231]
Event: 64.022 Thread 0x000001f7dee75800 Exception <a 'java/lang/ClassNotFoundException'{0x0000000087dab760}: org/jetbrains/kotlin/gradle/dsl/KotlinJvmOptionsImplBeanInfo> (0x0000000087dab760) thrown at [./src/hotspot/share/classfile/systemDictionary.cpp, line 231]
Event: 64.023 Thread 0x000001f7dee75800 Exception <a 'java/lang/ClassNotFoundException'{0x0000000087dc6460}: org/jetbrains/kotlin/gradle/dsl/KotlinJvmOptionsBaseBeanInfo> (0x0000000087dc6460) thrown at [./src/hotspot/share/classfile/systemDictionary.cpp, line 231]
Event: 64.023 Thread 0x000001f7dee75800 Exception <a 'java/lang/ClassNotFoundException'{0x0000000087de1368}: org/jetbrains/kotlin/gradle/dsl/KotlinJvmOptionsBaseCustomizer> (0x0000000087de1368) thrown at [./src/hotspot/share/classfile/systemDictionary.cpp, line 231]
Event: 64.025 Thread 0x000001f7dee75800 Exception <a 'java/lang/ClassNotFoundException'{0x0000000087c14ec8}: org/jetbrains/kotlin/gradle/dsl/KotlinJvmOptionsImplCustomizer> (0x0000000087c14ec8) thrown at [./src/hotspot/share/classfile/systemDictionary.cpp, line 231]

Events (20 events):
Event: 70.501 loading class com/android/build/gradle/internal/DependencyConfigurator$configureGeneralTransforms$4
Event: 70.501 loading class com/android/build/gradle/internal/DependencyConfigurator$configureGeneralTransforms$4 done
Event: 70.502 loading class com/android/build/gradle/internal/dependency/PlatformAttrTransform
Event: 70.502 loading class com/android/build/gradle/internal/dependency/PlatformAttrTransform done
Event: 70.508 loading class com/android/build/gradle/internal/dependency/JdkImageTransform
Event: 70.508 loading class com/android/build/gradle/internal/dependency/JdkImageTransform done
Event: 70.509 loading class com/android/build/gradle/internal/DependencyConfigurator$configureGeneralTransforms$5
Event: 70.509 loading class com/android/build/gradle/internal/DependencyConfigurator$configureGeneralTransforms$5 done
Event: 70.510 loading class com/android/build/gradle/internal/dependency/JdkImageTransform$Parameters
Event: 70.510 loading class com/android/build/gradle/internal/dependency/JdkImageTransform$Parameters done
Event: 70.516 loading class com/android/build/gradle/internal/dependency/JdkImageTransformKt
Event: 70.516 loading class com/android/build/gradle/internal/dependency/JdkImageTransformKt done
Event: 70.518 loading class com/android/build/gradle/internal/dependency/JdkImageTransformKt$getJavaHome$1
Event: 70.518 loading class com/android/build/gradle/internal/dependency/JdkImageTransformKt$getJavaHome$1 done
Event: 70.526 loading class com/android/build/gradle/internal/dependency/AarTransform
Event: 70.526 loading class com/android/build/gradle/internal/dependency/AarTransform done
Event: 70.528 loading class com/android/build/gradle/internal/DependencyConfigurator$configureGeneralTransforms$6
Event: 70.528 loading class com/android/build/gradle/internal/DependencyConfigurator$configureGeneralTransforms$6 done
Event: 70.529 loading class com/android/build/gradle/internal/dependency/AarTransform$Parameters
Event: 70.529 loading class com/android/build/gradle/internal/dependency/AarTransform$Parameters done


Dynamic libraries:
0x00007ff6791e0000 - 0x00007ff6791ea000 	C:\Program Files\Android\Android Studio\jre\bin\java.exe
0x00007ff807250000 - 0x00007ff807445000 	C:\WINDOWS\SYSTEM32\ntdll.dll
0x00007ff807020000 - 0x00007ff8070de000 	C:\WINDOWS\System32\KERNEL32.DLL
0x00007ff804970000 - 0x00007ff804c39000 	C:\WINDOWS\System32\KERNELBASE.dll
0x00007ff804d70000 - 0x00007ff804e70000 	C:\WINDOWS\System32\ucrtbase.dll
0x00007ffffbac0000 - 0x00007ffffbad9000 	C:\Program Files\Android\Android Studio\jre\bin\jli.dll
0x00007ff8060e0000 - 0x00007ff806281000 	C:\WINDOWS\System32\USER32.dll
0x00007ff804ca0000 - 0x00007ff804cc2000 	C:\WINDOWS\System32\win32u.dll
0x00007ff806560000 - 0x00007ff80658b000 	C:\WINDOWS\System32\GDI32.dll
0x00007ff805190000 - 0x00007ff80529b000 	C:\WINDOWS\System32\gdi32full.dll
0x00007ff804cd0000 - 0x00007ff804d6d000 	C:\WINDOWS\System32\msvcp_win.dll
0x00007ffffe150000 - 0x00007ffffe167000 	C:\Program Files\Android\Android Studio\jre\bin\VCRUNTIME140.dll
0x00007ffff5df0000 - 0x00007ffff608a000 	C:\WINDOWS\WinSxS\amd64_microsoft.windows.common-controls_6595b64144ccf1df_6.0.19041.1110_none_60b5254171f9507e\COMCTL32.dll
0x00007ff8052a0000 - 0x00007ff80533e000 	C:\WINDOWS\System32\msvcrt.dll
0x00007ff8053a0000 - 0x00007ff8053d0000 	C:\WINDOWS\System32\IMM32.DLL
0x00007fffee910000 - 0x00007fffee9ad000 	C:\Program Files\Android\Android Studio\jre\bin\msvcp140.dll
0x00007fffd22a0000 - 0x00007fffd2d6f000 	C:\Program Files\Android\Android Studio\jre\bin\server\jvm.dll
0x00007ff8066b0000 - 0x00007ff80675c000 	C:\WINDOWS\System32\ADVAPI32.dll
0x00007ff806890000 - 0x00007ff80692b000 	C:\WINDOWS\System32\sechost.dll
0x00007ff806930000 - 0x00007ff806a5a000 	C:\WINDOWS\System32\RPCRT4.dll
0x00007ff805f40000 - 0x00007ff805f48000 	C:\WINDOWS\System32\PSAPI.DLL
0x00007fffff140000 - 0x00007fffff149000 	C:\WINDOWS\SYSTEM32\WSOCK32.dll
0x00007ff8064f0000 - 0x00007ff80655b000 	C:\WINDOWS\System32\WS2_32.dll
0x00007ffff5770000 - 0x00007ffff5797000 	C:\WINDOWS\SYSTEM32\WINMM.dll
0x00007ffff4270000 - 0x00007ffff427a000 	C:\WINDOWS\SYSTEM32\VERSION.dll
0x00007ff802870000 - 0x00007ff802882000 	C:\WINDOWS\SYSTEM32\kernel.appcore.dll
0x00007ffffe130000 - 0x00007ffffe141000 	C:\Program Files\Android\Android Studio\jre\bin\verify.dll
0x00007ffff1e40000 - 0x00007ffff2024000 	C:\WINDOWS\SYSTEM32\DBGHELP.DLL
0x00007ffff1dc0000 - 0x00007ffff1dec000 	C:\WINDOWS\SYSTEM32\dbgcore.DLL
0x00007ff804e70000 - 0x00007ff804ef3000 	C:\WINDOWS\System32\bcryptPrimitives.dll
0x00007ffffcc30000 - 0x00007ffffcc59000 	C:\Program Files\Android\Android Studio\jre\bin\java.dll
0x00007ffffe120000 - 0x00007ffffe12b000 	C:\Program Files\Android\Android Studio\jre\bin\jimage.dll
0x00007ffffcc10000 - 0x00007ffffcc28000 	C:\Program Files\Android\Android Studio\jre\bin\zip.dll
0x00007ff8053d0000 - 0x00007ff805b0f000 	C:\WINDOWS\System32\SHELL32.dll
0x00007ff802a70000 - 0x00007ff803200000 	C:\WINDOWS\SYSTEM32\windows.storage.dll
0x00007ff805b10000 - 0x00007ff805e65000 	C:\WINDOWS\System32\combase.dll
0x00007ff8042f0000 - 0x00007ff80431c000 	C:\WINDOWS\SYSTEM32\Wldp.dll
0x00007ff806290000 - 0x00007ff80633e000 	C:\WINDOWS\System32\SHCORE.dll
0x00007ff806a60000 - 0x00007ff806ab5000 	C:\WINDOWS\System32\shlwapi.dll
0x00007ff8048b0000 - 0x00007ff8048cf000 	C:\WINDOWS\SYSTEM32\profapi.dll
0x00007ffffa910000 - 0x00007ffffa92a000 	C:\Program Files\Android\Android Studio\jre\bin\net.dll
0x00007ffff5bf0000 - 0x00007ffff5cf8000 	C:\WINDOWS\SYSTEM32\WINHTTP.dll
0x00007ff804050000 - 0x00007ff8040ba000 	C:\WINDOWS\system32\mswsock.dll
0x00007ffff5db0000 - 0x00007ffff5dc4000 	C:\Program Files\Android\Android Studio\jre\bin\nio.dll
0x00007ffff81d0000 - 0x00007ffff81f7000 	C:\Users\Dell\.gradle\native\8bec1ad78214c89d9ad589b4d07fe93259594b29d510b10fafb7a158f7737e5d\windows-amd64\native-platform.dll
0x00007fffde040000 - 0x00007fffde17d000 	C:\Users\Dell\.gradle\native\53dbd7edfb1c66fb8903c78663c9afc45aea4f116125fa6feffd364cf09443e8\windows-amd64\native-platform-file-events.dll
0x00007ffffe110000 - 0x00007ffffe11a000 	C:\Program Files\Android\Android Studio\jre\bin\management.dll
0x00007ffffcc00000 - 0x00007ffffcc0c000 	C:\Program Files\Android\Android Studio\jre\bin\management_ext.dll
0x00007ff804250000 - 0x00007ff804268000 	C:\WINDOWS\SYSTEM32\CRYPTSP.dll
0x00007ff8039d0000 - 0x00007ff803a04000 	C:\WINDOWS\system32\rsaenh.dll
0x00007ff805060000 - 0x00007ff805087000 	C:\WINDOWS\System32\bcrypt.dll
0x00007ff804870000 - 0x00007ff80489e000 	C:\WINDOWS\SYSTEM32\USERENV.dll
0x00007ff804240000 - 0x00007ff80424c000 	C:\WINDOWS\SYSTEM32\CRYPTBASE.dll
0x00007ff803d40000 - 0x00007ff803d7b000 	C:\WINDOWS\SYSTEM32\IPHLPAPI.DLL
0x00007ff8060d0000 - 0x00007ff8060d8000 	C:\WINDOWS\System32\NSI.dll
0x00007ffffa000000 - 0x00007ffffa017000 	C:\WINDOWS\SYSTEM32\dhcpcsvc6.DLL
0x00007ffff9000000 - 0x00007ffff901d000 	C:\WINDOWS\SYSTEM32\dhcpcsvc.DLL
0x00007ff803d80000 - 0x00007ff803e4c000 	C:\WINDOWS\SYSTEM32\DNSAPI.dll

dbghelp: loaded successfully - version: 4.0.5 - missing functions: none
symbol engine: initialized successfully - sym options: 0x614 - pdb path: .;C:\Program Files\Android\Android Studio\jre\bin;C:\WINDOWS\SYSTEM32;C:\WINDOWS\WinSxS\amd64_microsoft.windows.common-controls_6595b64144ccf1df_6.0.19041.1110_none_60b5254171f9507e;C:\Program Files\Android\Android Studio\jre\bin\server;C:\Users\Dell\.gradle\native\8bec1ad78214c89d9ad589b4d07fe93259594b29d510b10fafb7a158f7737e5d\windows-amd64;C:\Users\Dell\.gradle\native\53dbd7edfb1c66fb8903c78663c9afc45aea4f116125fa6feffd364cf09443e8\windows-amd64

VM Arguments:
jvm_args: --add-opens=java.base/java.util=ALL-UNNAMED --add-opens=java.base/java.lang=ALL-UNNAMED --add-opens=java.base/java.lang.invoke=ALL-UNNAMED --add-opens=java.base/java.util=ALL-UNNAMED --add-opens=java.prefs/java.util.prefs=ALL-UNNAMED --add-opens=java.prefs/java.util.prefs=ALL-UNNAMED --add-opens=java.base/java.nio.charset=ALL-UNNAMED --add-opens=java.base/java.net=ALL-UNNAMED --add-opens=java.base/java.util.concurrent.atomic=ALL-UNNAMED -Xmx2048m -Dfile.encoding=UTF-8 -Duser.country=US -Duser.language=en -Duser.variant 
java_command: org.gradle.launcher.daemon.bootstrap.GradleDaemon 7.0.2
java_class_path (initial): C:\Users\Dell\.gradle\wrapper\dists\gradle-7.0.2-bin\857tjihv64xamwrf0h14cai3r\gradle-7.0.2\lib\gradle-launcher-7.0.2.jar
Launcher Type: SUN_STANDARD

[Global flags]
     intx CICompilerCount                          = 3                                         {product} {ergonomic}
     uint ConcGCThreads                            = 1                                         {product} {ergonomic}
     uint G1ConcRefinementThreads                  = 4                                         {product} {ergonomic}
   size_t G1HeapRegionSize                         = 1048576                                   {product} {ergonomic}
    uintx GCDrainStackTargetSize                   = 64                                        {product} {ergonomic}
   size_t InitialHeapSize                          = 134217728                                 {product} {ergonomic}
   size_t MarkStackSize                            = 4194304                                   {product} {ergonomic}
   size_t MaxHeapSize                              = 2147483648                                {product} {command line}
   size_t MaxNewSize                               = 1287651328                                {product} {ergonomic}
   size_t MinHeapDeltaBytes                        = 1048576                                   {product} {ergonomic}
    uintx NonNMethodCodeHeapSize                   = 5830732                                {pd product} {ergonomic}
    uintx NonProfiledCodeHeapSize                  = 122913754                              {pd product} {ergonomic}
    uintx ProfiledCodeHeapSize                     = 122913754                              {pd product} {ergonomic}
    uintx ReservedCodeCacheSize                    = 251658240                              {pd product} {ergonomic}
     bool SegmentedCodeCache                       = true                                      {product} {ergonomic}
     bool UseCompressedClassPointers               = true                                 {lp64_product} {ergonomic}
     bool UseCompressedOops                        = true                                 {lp64_product} {ergonomic}
     bool UseG1GC                                  = true                                      {product} {ergonomic}
     bool UseLargePagesIndividualAllocation        = false                                  {pd product} {ergonomic}

Logging:
Log output configuration:
 #0: stdout all=warning uptime,level,tags
 #1: stderr all=off uptime,level,tags

Environment Variables:
PATH=C:\WINDOWS\system32;C:\WINDOWS;C:\WINDOWS\System32\Wbem;C:\WINDOWS\System32\WindowsPowerShell\v1.0\;C:\WINDOWS\System32\OpenSSH\;C:\Program Files\Git\cmd;C:\Users\Dell\AppData\Local\Microsoft\WindowsApps;C:\Users\Dell\AppData\Local\GitHubDesktop\bin;C:\Program Files\Android\Android Studio\jre\bin\keytool.exe;
USERNAME=Dell
OS=Windows_NT
PROCESSOR_IDENTIFIER=Intel64 Family 6 Model 69 Stepping 1, GenuineIntel



---------------  S Y S T E M  ---------------

OS: Windows 10 , 64 bit Build 19041 (10.0.19041.1202)
OS uptime: 9 days 5:53 hours

CPU:total 4 (initial active 4) (2 cores per cpu, 2 threads per core) family 6 model 69 stepping 1 microcode 0x25, cmov, cx8, fxsr, mmx, sse, sse2, sse3, ssse3, sse4.1, sse4.2, popcnt, avx, avx2, aes, clmul, erms, lzcnt, ht, tsc, tscinvbit, bmi1, bmi2, fma

Memory: 4k page, system-wide physical 8097M (282M free)
TotalPageFile size 23279M (AvailPageFile size 14M)
current process WorkingSet (physical memory assigned to process): 317M, peak: 320M
current process commit charge ("private bytes"): 350M, peak: 352M

vm_info: OpenJDK 64-Bit Server VM (11.0.10+0-b96-7249189) for windows-amd64 JRE (11.0.10+0-b96-7249189), built on Mar 31 2021 21:44:00 by "builder" with MS VC++ 14.0 (VS2015)

END.
